<?xml version="1.0" encoding="UTF-8"?>
<!-- Generated by org.testng.reporters.JUnitXMLReporter -->
<testsuite ignored="0" hostname="DESKTOP-QS4G89T" failures="0" tests="3" name="Test" time="31.971" errors="0" timestamp="2025-05-31T16:18:03 ICT">
  <testcase classname="com.juaracoding.appium.authentications.SignInTest" name="signInShouldBeSuccess" time="5.26"/>
  <testcase classname="com.juaracoding.appium.products.ProductListTest" name="testStep01" time="25.366"/>
  <testcase classname="com.juaracoding.appium.products.ProductListTest" name="testStep02" time="0.171"/>
</testsuite> <!-- Test -->
