<?xml version="1.0" encoding="UTF-8"?>
<testng-results ignored="0" total="3" passed="3" failed="0" skipped="0">
  <reporter-output>
  </reporter-output>
  <suite started-at="2025-05-31T16:17:31 ICT" name="Test Suite" finished-at="2025-05-31T16:18:03 ICT" duration-ms="31971">
    <groups>
    </groups>
    <test started-at="2025-05-31T16:17:31 ICT" name="Test" finished-at="2025-05-31T16:18:03 ICT" duration-ms="31971">
      <class name="com.juaracoding.appium.products.ProductListTest">
        <test-method is-config="true" signature="setup()[pri:0, instance:com.juaracoding.appium.products.ProductListTest@205d38da]" started-at="2025-05-31T16:17:37 ICT" name="setup" finished-at="2025-05-31T16:17:37 ICT" duration-ms="4" status="PASS">
          <reporter-output>
          </reporter-output>
        </test-method> <!-- setup -->
        <test-method signature="testStep01()[pri:0, instance:com.juaracoding.appium.products.ProductListTest@205d38da]" started-at="2025-05-31T16:17:37 ICT" name="testStep01" finished-at="2025-05-31T16:18:03 ICT" duration-ms="25366" status="PASS">
          <reporter-output>
          </reporter-output>
        </test-method> <!-- testStep01 -->
        <test-method signature="testStep02()[pri:0, instance:com.juaracoding.appium.products.ProductListTest@205d38da]" started-at="2025-05-31T16:18:03 ICT" name="testStep02" finished-at="2025-05-31T16:18:03 ICT" duration-ms="171" status="PASS">
          <reporter-output>
          </reporter-output>
        </test-method> <!-- testStep02 -->
      </class> <!-- com.juaracoding.appium.products.ProductListTest -->
      <class name="com.juaracoding.appium.authentications.SignInTest">
        <test-method is-config="true" signature="setup()[pri:0, instance:com.juaracoding.appium.authentications.SignInTest@7ba8c737]" started-at="2025-05-31T16:17:31 ICT" name="setup" finished-at="2025-05-31T16:17:32 ICT" duration-ms="1094" status="PASS">
          <reporter-output>
          </reporter-output>
        </test-method> <!-- setup -->
        <test-method signature="signInShouldBeSuccess()[pri:0, instance:com.juaracoding.appium.authentications.SignInTest@7ba8c737]" started-at="2025-05-31T16:17:32 ICT" name="signInShouldBeSuccess" finished-at="2025-05-31T16:17:37 ICT" duration-ms="5260" status="PASS">
          <reporter-output>
          </reporter-output>
        </test-method> <!-- signInShouldBeSuccess -->
      </class> <!-- com.juaracoding.appium.authentications.SignInTest -->
    </test> <!-- Test -->
  </suite> <!-- Test Suite -->
</testng-results>
